<?xml version="1.0" encoding="utf-8"?><testsuites name="pytest tests"><testsuite name="pytest" errors="0" failures="0" skipped="0" tests="11" time="20.693" timestamp="2026-05-12T12:25:46.369684+00:00" hostname="agent-env-89f56af1-a02e-427e-81e9-70d2942a40b4"><testcase classname="tests.test_iteration4" name="test_admin_login_after_refactor" time="0.667" /><testcase classname="tests.test_iteration4" name="test_auth_me_after_refactor" time="0.193" /><testcase classname="tests.test_iteration4" name="test_public_endpoints_after_refactor" time="0.940" /><testcase classname="tests.test_iteration4" name="test_admin_upload_returns_cloudinary_url" time="1.359" /><testcase classname="tests.test_iteration4" name="test_admin_upload_unauthorized" time="0.211" /><testcase classname="tests.test_iteration4" name="test_admin_upload_empty_file" time="0.303" /><testcase classname="tests.test_iteration4.TestForgotPasswordRateLimit" name="test_forgot_password_4th_request_429" time="1.205" /><testcase classname="tests.test_iteration4.TestLoginRateLimit" name="test_customer_login_11th_request_429" time="5.220" /><testcase classname="tests.test_iteration4.TestLoginRateLimit" name="test_admin_login_shares_same_limiter" time="5.031" /><testcase classname="tests.test_iteration4.TestLoginRateLimit" name="test_customer_register_shares_same_limiter" time="4.702" /><testcase classname="tests.test_iteration4" name="test_rate_limiter_isolates_by_xff" time="0.763" /></testsuite></testsuites>