<?xml version="1.0" encoding="utf-8"?><testsuites name="pytest tests"><testsuite name="pytest" errors="0" failures="1" skipped="0" tests="73" time="131.927" timestamp="2026-05-13T04:23:48.047066+00:00" hostname="agent-env-89f56af1-a02e-427e-81e9-70d2942a40b4"><testcase classname="tests.test_iteration5.TestRegression" name="test_songs_list" time="0.288" /><testcase classname="tests.test_iteration5.TestRegression" name="test_gear_list" time="0.227" /><testcase classname="tests.test_iteration5.TestRegression" name="test_products_list" time="0.192" /><testcase classname="tests.test_iteration5.TestRegression" name="test_admin_customers" time="0.903" /><testcase classname="tests.test_iteration5.TestRegression" name="test_auth_me" time="0.215" /><testcase classname="tests.test_iteration5.TestRegression" name="test_customer_me" time="0.920" /><testcase classname="tests.test_iteration5.TestSongTrackTypes" name="test_create_youtube_song" time="0.414" /><testcase classname="tests.test_iteration5.TestSongTrackTypes" name="test_create_spotify_song" time="0.195" /><testcase classname="tests.test_iteration5.TestSongTrackTypes" name="test_cleanup_created_songs" time="0.507" /><testcase classname="tests.test_iteration5.TestFreeProductCreate" name="test_create_free_product" time="0.463" /><testcase classname="tests.test_iteration5.TestFreeProductCreate" name="test_cleanup_free_product" time="0.265" /><testcase classname="tests.test_iteration5.TestFreeClaim" name="test_free_claim_no_auth_401" time="0.462" /><testcase classname="tests.test_iteration5.TestFreeClaim" name="test_free_claim_non_free_returns_400" time="0.432" /><testcase classname="tests.test_iteration5.TestFreeClaim" name="test_free_claim_first_time" time="0.588" /><testcase classname="tests.test_iteration5.TestFreeClaim" name="test_free_claim_idempotent" time="0.174" /><testcase classname="tests.test_iteration5.TestFreeClaim" name="test_customer_orders_includes_free" time="0.233" /><testcase classname="tests.test_iteration5.TestBlogPublic" name="test_list_only_published" time="0.296" /><testcase classname="tests.test_iteration5.TestBlogPublic" name="test_get_published_post" time="0.663" /><testcase classname="tests.test_iteration5.TestBlogPublic" name="test_get_nonexistent_404" time="0.209" /><testcase classname="tests.test_iteration5.TestBlogAdmin" name="test_admin_create_no_auth_401" time="0.202" /><testcase classname="tests.test_iteration5.TestBlogAdmin" name="test_admin_create_with_auto_slug" time="0.206" /><testcase classname="tests.test_iteration5.TestBlogAdmin" name="test_admin_create_duplicate_slug_gets_suffix" time="0.229" /><testcase classname="tests.test_iteration5.TestBlogAdmin" name="test_admin_list_returns_drafts" time="0.268" /><testcase classname="tests.test_iteration5.TestBlogAdmin" name="test_admin_update_publishes_post" time="42.008"><failure message="requests.exceptions.ConnectTimeout: HTTPSConnectionPool(host='tripleside-studio.preview.emergentagent.com', port=443): Max retries exceeded with url: /api/blog/test-it5-my-first-post-919a1d (Caused by ConnectTimeoutError(&lt;HTTPSConnection(host='tripleside-studio.preview.emergentagent.com', port=443) at 0x7e00fca69750&gt;, 'Connection to tripleside-studio.preview.emergentagent.com timed out. (connect timeout=20)'))">E   TimeoutError: timed out

The above exception was the direct cause of the following exception:
E   urllib3.exceptions.ConnectTimeoutError: (&lt;HTTPSConnection(host='tripleside-studio.preview.emergentagent.com', port=443) at 0x7e00fca69750&gt;, 'Connection to tripleside-studio.preview.emergentagent.com timed out. (connect timeout=20)')

The above exception was the direct cause of the following exception:
E   urllib3.exceptions.MaxRetryError: HTTPSConnectionPool(host='tripleside-studio.preview.emergentagent.com', port=443): Max retries exceeded with url: /api/blog/test-it5-my-first-post-919a1d (Caused by ConnectTimeoutError(&lt;HTTPSConnection(host='tripleside-studio.preview.emergentagent.com', port=443) at 0x7e00fca69750&gt;, 'Connection to tripleside-studio.preview.emergentagent.com timed out. (connect timeout=20)'))

During handling of the above exception, another exception occurred:
E   requests.exceptions.ConnectTimeout: HTTPSConnectionPool(host='tripleside-studio.preview.emergentagent.com', port=443): Max retries exceeded with url: /api/blog/test-it5-my-first-post-919a1d (Caused by ConnectTimeoutError(&lt;HTTPSConnection(host='tripleside-studio.preview.emergentagent.com', port=443) at 0x7e00fca69750&gt;, 'Connection to tripleside-studio.preview.emergentagent.com timed out. (connect timeout=20)'))</failure></testcase><testcase classname="tests.test_iteration5.TestBlogAdmin" name="test_admin_delete" time="0.577" /><testcase classname="tests.backend_test" name="test_list_songs" time="0.193" /><testcase classname="tests.backend_test" name="test_list_gear" time="0.201" /><testcase classname="tests.backend_test" name="test_list_products" time="0.200" /><testcase classname="tests.backend_test" name="test_get_single_product" time="0.457" /><testcase classname="tests.backend_test" name="test_get_product_not_found" time="0.178" /><testcase classname="tests.backend_test" name="test_login_success" time="0.635" /><testcase classname="tests.backend_test" name="test_login_wrong_password" time="11.801" /><testcase classname="tests.backend_test" name="test_auth_me_valid" time="0.262" /><testcase classname="tests.backend_test" name="test_auth_me_no_token" time="0.171" /><testcase classname="tests.backend_test" name="test_admin_song_crud" time="0.825" /><testcase classname="tests.backend_test" name="test_admin_song_create_unauthorized" time="0.201" /><testcase classname="tests.backend_test" name="test_admin_gear_create" time="0.424" /><testcase classname="tests.backend_test" name="test_admin_product_create" time="0.350" /><testcase classname="tests.backend_test" name="test_create_checkout_session" time="1.765" /><testcase classname="tests.backend_test" name="test_checkout_invalid_product" time="0.202" /><testcase classname="tests.backend_test" name="test_admin_transactions" time="0.221" /><testcase classname="tests.backend_test" name="test_admin_transactions_unauthorized" time="0.249" /><testcase classname="tests.backend_test" name="test_customer_register_full" time="0.623" /><testcase classname="tests.backend_test" name="test_customer_register_email_only" time="30.617" /><testcase classname="tests.backend_test" name="test_customer_register_phone_only" time="0.637" /><testcase classname="tests.backend_test" name="test_customer_register_missing_identifier" time="0.193" /><testcase classname="tests.backend_test" name="test_customer_register_short_password" time="0.163" /><testcase classname="tests.backend_test" name="test_customer_register_duplicate_email" time="0.173" /><testcase classname="tests.backend_test" name="test_customer_login_by_email" time="0.610" /><testcase classname="tests.backend_test" name="test_customer_login_by_phone" time="0.647" /><testcase classname="tests.backend_test" name="test_customer_login_wrong_password" time="0.551" /><testcase classname="tests.backend_test" name="test_customer_me" time="0.167" /><testcase classname="tests.backend_test" name="test_customer_me_with_admin_token_forbidden" time="0.168" /><testcase classname="tests.backend_test" name="test_auth_me_with_customer_token_forbidden" time="0.165" /><testcase classname="tests.backend_test" name="test_admin_endpoint_rejects_customer_jwt" time="0.191" /><testcase classname="tests.backend_test" name="test_customer_update_profile" time="0.459" /><testcase classname="tests.backend_test" name="test_customer_orders_empty" time="0.179" /><testcase classname="tests.backend_test" name="test_admin_list_customers" time="0.196" /><testcase classname="tests.backend_test" name="test_admin_list_customers_unauthorized" time="0.193" /><testcase classname="tests.backend_test" name="test_checkout_session_with_customer_jwt" time="1.018" /><testcase classname="tests.backend_test" name="test_checkout_status_no_500_for_new_session" time="1.071" /><testcase classname="tests.backend_test" name="test_checkout_status_unknown_session_404" time="0.217" /><testcase classname="tests.test_iteration4" name="test_admin_login_after_refactor" time="0.581" /><testcase classname="tests.test_iteration4" name="test_auth_me_after_refactor" time="0.241" /><testcase classname="tests.test_iteration4" name="test_public_endpoints_after_refactor" time="0.862" /><testcase classname="tests.test_iteration4" name="test_admin_upload_returns_cloudinary_url" time="1.307" /><testcase classname="tests.test_iteration4" name="test_admin_upload_unauthorized" time="0.196" /><testcase classname="tests.test_iteration4" name="test_admin_upload_empty_file" time="0.177" /><testcase classname="tests.test_iteration4.TestForgotPasswordRateLimit" name="test_forgot_password_4th_request_429" time="0.844" /><testcase classname="tests.test_iteration4.TestLoginRateLimit" name="test_customer_login_11th_request_429" time="6.011" /><testcase classname="tests.test_iteration4.TestLoginRateLimit" name="test_admin_login_shares_same_limiter" time="6.379" /><testcase classname="tests.test_iteration4.TestLoginRateLimit" name="test_customer_register_shares_same_limiter" time="6.011" /><testcase classname="tests.test_iteration4" name="test_rate_limiter_isolates_by_xff" time="1.049" /></testsuite></testsuites>