<?xml version="1.0" encoding="utf-8"?><testsuites name="pytest tests"><testsuite name="pytest" errors="0" failures="1" skipped="0" tests="58" time="26.840" timestamp="2026-05-12T12:27:45.165453+00:00" hostname="agent-env-89f56af1-a02e-427e-81e9-70d2942a40b4"><testcase classname="tests.backend_test" name="test_list_songs" time="0.206" /><testcase classname="tests.backend_test" name="test_list_gear" time="0.166" /><testcase classname="tests.backend_test" name="test_list_products" time="0.282" /><testcase classname="tests.backend_test" name="test_get_single_product" time="0.310" /><testcase classname="tests.backend_test" name="test_get_product_not_found" time="0.180" /><testcase classname="tests.backend_test" name="test_login_success" time="0.686" /><testcase classname="tests.backend_test" name="test_login_wrong_password" time="0.848" /><testcase classname="tests.backend_test" name="test_auth_me_valid" time="0.403" /><testcase classname="tests.backend_test" name="test_auth_me_no_token" time="0.225" /><testcase classname="tests.backend_test" name="test_admin_song_crud" time="0.936" /><testcase classname="tests.backend_test" name="test_admin_song_create_unauthorized" time="0.147" /><testcase classname="tests.backend_test" name="test_admin_gear_create" time="0.406" /><testcase classname="tests.backend_test" name="test_admin_product_create" time="0.638" /><testcase classname="tests.backend_test" name="test_create_checkout_session" time="1.534" /><testcase classname="tests.backend_test" name="test_checkout_invalid_product" time="0.157" /><testcase classname="tests.backend_test" name="test_admin_transactions" time="0.162" /><testcase classname="tests.backend_test" name="test_admin_transactions_unauthorized" time="0.169" /><testcase classname="tests.backend_test" name="test_customer_register_full" time="0.676" /><testcase classname="tests.backend_test" name="test_customer_register_email_only" time="0.539" /><testcase classname="tests.backend_test" name="test_customer_register_phone_only" time="0.929" /><testcase classname="tests.backend_test" name="test_customer_register_missing_identifier" time="0.147" /><testcase classname="tests.backend_test" name="test_customer_register_short_password" time="0.166" /><testcase classname="tests.backend_test" name="test_customer_register_duplicate_email" time="0.163" /><testcase classname="tests.backend_test" name="test_customer_login_by_email" time="0.876" /><testcase classname="tests.backend_test" name="test_customer_login_by_phone" time="0.569" /><testcase classname="tests.backend_test" name="test_customer_login_wrong_password" time="0.653" /><testcase classname="tests.backend_test" name="test_customer_me" time="0.273" /><testcase classname="tests.backend_test" name="test_customer_me_with_admin_token_forbidden" time="0.149" /><testcase classname="tests.backend_test" name="test_auth_me_with_customer_token_forbidden" time="0.138" /><testcase classname="tests.backend_test" name="test_admin_endpoint_rejects_customer_jwt" time="0.145" /><testcase classname="tests.backend_test" name="test_customer_update_profile" time="0.314" /><testcase classname="tests.backend_test" name="test_customer_orders_empty" time="0.184" /><testcase classname="tests.backend_test" name="test_admin_list_customers" time="0.140" /><testcase classname="tests.backend_test" name="test_admin_list_customers_unauthorized" time="0.155" /><testcase classname="tests.backend_test" name="test_checkout_session_with_customer_jwt" time="0.851" /><testcase classname="tests.backend_test" name="test_checkout_status_no_500_for_new_session" time="1.091" /><testcase classname="tests.backend_test" name="test_checkout_status_unknown_session_404" time="0.151" /><testcase classname="tests.test_iteration3.TestForgotPassword" name="test_forgot_password_unknown_email_returns_ok" time="0.145" /><testcase classname="tests.test_iteration3.TestForgotPassword" name="test_forgot_password_existing_email_returns_ok" time="1.082" /><testcase classname="tests.test_iteration3.TestResetPassword" name="test_reset_password_invalid_token" time="0.149" /><testcase classname="tests.test_iteration3.TestResetPassword" name="test_reset_password_short_password" time="0.138" /><testcase classname="tests.test_iteration3.TestResetPassword" name="test_reset_password_full_flow" time="2.258" /><testcase classname="tests.test_iteration3.TestCouponsCRUD" name="test_list_coupons_requires_auth" time="0.177" /><testcase classname="tests.test_iteration3.TestCouponsCRUD" name="test_create_coupon_requires_auth" time="0.159" /><testcase classname="tests.test_iteration3.TestCouponsCRUD" name="test_list_coupons_authed" time="0.649" /><testcase classname="tests.test_iteration3.TestCouponsCRUD" name="test_full_coupon_lifecycle" time="0.863" /><testcase classname="tests.test_iteration3.TestApplyCoupon" name="test_apply_welcome10" time="0.284" /><testcase classname="tests.test_iteration3.TestApplyCoupon" name="test_apply_invalid_code" time="0.157" /><testcase classname="tests.test_iteration3.TestApplyCoupon" name="test_apply_inactive_coupon" time="0.453" /><testcase classname="tests.test_iteration3.TestApplyCoupon" name="test_apply_expired_coupon" time="0.436" /><testcase classname="tests.test_iteration3.TestCheckoutWithCoupon" name="test_checkout_session_applies_coupon" time="1.266" /><testcase classname="tests.test_iteration3.TestUpload" name="test_upload_returns_503_without_config" time="0.766"><failure message="assert 200 == 503&#10; +  where 200 = &lt;Response [200]&gt;.status_code">E   assert 200 == 503
     +  where 200 = &lt;Response [200]&gt;.status_code</failure></testcase><testcase classname="tests.test_iteration3.TestUpload" name="test_upload_requires_admin" time="0.132" /><testcase classname="tests.test_iteration3.TestInvoiceAndDownload" name="test_invoice_requires_auth" time="0.131" /><testcase classname="tests.test_iteration3.TestInvoiceAndDownload" name="test_invoice_unpaid_returns_403" time="0.991" /><testcase classname="tests.test_iteration3.TestInvoiceAndDownload" name="test_invoice_other_customer_returns_403" time="0.276" /><testcase classname="tests.test_iteration3.TestInvoiceAndDownload" name="test_download_requires_customer_auth" time="0.146" /><testcase classname="tests.test_iteration3.TestInvoiceAndDownload" name="test_download_other_customer_returns_403_or_404" time="0.305" /></testsuite></testsuites>