<?xml version="1.0" encoding="utf-8"?><testsuites name="pytest tests"><testsuite name="pytest" errors="0" failures="0" skipped="1" tests="21" time="8.128" timestamp="2026-05-12T11:40:46.943830+00:00" hostname="agent-env-89f56af1-a02e-427e-81e9-70d2942a40b4"><testcase classname="backend.tests.test_iteration3.TestForgotPassword" name="test_forgot_password_unknown_email_returns_ok" time="0.276" /><testcase classname="backend.tests.test_iteration3.TestForgotPassword" name="test_forgot_password_existing_email_returns_ok" time="0.790" /><testcase classname="backend.tests.test_iteration3.TestResetPassword" name="test_reset_password_invalid_token" time="0.118" /><testcase classname="backend.tests.test_iteration3.TestResetPassword" name="test_reset_password_short_password" time="0.156" /><testcase classname="backend.tests.test_iteration3.TestResetPassword" name="test_reset_password_full_flow" time="0.451"><skipped type="pytest.skip" message="Cannot access MongoDB from test env to read reset token">/app/backend/tests/test_iteration3.py:102: Cannot access MongoDB from test env to read reset token</skipped></testcase><testcase classname="backend.tests.test_iteration3.TestCouponsCRUD" name="test_list_coupons_requires_auth" time="0.122" /><testcase classname="backend.tests.test_iteration3.TestCouponsCRUD" name="test_create_coupon_requires_auth" time="0.136" /><testcase classname="backend.tests.test_iteration3.TestCouponsCRUD" name="test_list_coupons_authed" time="0.581" /><testcase classname="backend.tests.test_iteration3.TestCouponsCRUD" name="test_full_coupon_lifecycle" time="0.828" /><testcase classname="backend.tests.test_iteration3.TestApplyCoupon" name="test_apply_welcome10" time="0.275" /><testcase classname="backend.tests.test_iteration3.TestApplyCoupon" name="test_apply_invalid_code" time="0.182" /><testcase classname="backend.tests.test_iteration3.TestApplyCoupon" name="test_apply_inactive_coupon" time="0.362" /><testcase classname="backend.tests.test_iteration3.TestApplyCoupon" name="test_apply_expired_coupon" time="0.364" /><testcase classname="backend.tests.test_iteration3.TestCheckoutWithCoupon" name="test_checkout_session_applies_coupon" time="1.410" /><testcase classname="backend.tests.test_iteration3.TestUpload" name="test_upload_returns_503_without_config" time="0.129" /><testcase classname="backend.tests.test_iteration3.TestUpload" name="test_upload_requires_admin" time="0.110" /><testcase classname="backend.tests.test_iteration3.TestInvoiceAndDownload" name="test_invoice_requires_auth" time="0.124" /><testcase classname="backend.tests.test_iteration3.TestInvoiceAndDownload" name="test_invoice_unpaid_returns_403" time="0.888" /><testcase classname="backend.tests.test_iteration3.TestInvoiceAndDownload" name="test_invoice_other_customer_returns_403" time="0.246" /><testcase classname="backend.tests.test_iteration3.TestInvoiceAndDownload" name="test_download_requires_customer_auth" time="0.117" /><testcase classname="backend.tests.test_iteration3.TestInvoiceAndDownload" name="test_download_other_customer_returns_403_or_404" time="0.262" /></testsuite></testsuites>