<?xml version="1.0" encoding="utf-8"?><testsuites name="pytest tests"><testsuite name="pytest" errors="0" failures="1" skipped="0" tests="25" time="9.491" timestamp="2026-05-13T04:23:24.679005+00:00" hostname="agent-env-89f56af1-a02e-427e-81e9-70d2942a40b4"><testcase classname="tests.test_iteration5.TestRegression" name="test_songs_list" time="0.461" /><testcase classname="tests.test_iteration5.TestRegression" name="test_gear_list" time="0.200" /><testcase classname="tests.test_iteration5.TestRegression" name="test_products_list" time="0.188" /><testcase classname="tests.test_iteration5.TestRegression" name="test_admin_customers" time="0.782" /><testcase classname="tests.test_iteration5.TestRegression" name="test_auth_me" time="0.233" /><testcase classname="tests.test_iteration5.TestRegression" name="test_customer_me" time="0.869"><failure message="AssertionError: assert 'test_it5_e88...9@example.com' == 'TEST_it5_e88...9@example.com'&#10;  &#10;  - TEST_it5_e8863eeff9@example.com&#10;  ? ^^^^&#10;  + test_it5_e8863eeff9@example.com&#10;  ? ^^^^">tests/test_iteration5.py:82: in test_customer_me
    assert r.json()["email"] == new_customer["email"]
E   AssertionError: assert 'test_it5_e88...9@example.com' == 'TEST_it5_e88...9@example.com'
E     
E     - TEST_it5_e8863eeff9@example.com
E     ? ^^^^
E     + test_it5_e8863eeff9@example.com
E     ? ^^^^</failure></testcase><testcase classname="tests.test_iteration5.TestSongTrackTypes" name="test_create_youtube_song" time="0.420" /><testcase classname="tests.test_iteration5.TestSongTrackTypes" name="test_create_spotify_song" time="0.196" /><testcase classname="tests.test_iteration5.TestSongTrackTypes" name="test_cleanup_created_songs" time="0.389" /><testcase classname="tests.test_iteration5.TestFreeProductCreate" name="test_create_free_product" time="0.437" /><testcase classname="tests.test_iteration5.TestFreeProductCreate" name="test_cleanup_free_product" time="0.219" /><testcase classname="tests.test_iteration5.TestFreeClaim" name="test_free_claim_no_auth_401" time="0.440" /><testcase classname="tests.test_iteration5.TestFreeClaim" name="test_free_claim_non_free_returns_400" time="0.417" /><testcase classname="tests.test_iteration5.TestFreeClaim" name="test_free_claim_first_time" time="0.602" /><testcase classname="tests.test_iteration5.TestFreeClaim" name="test_free_claim_idempotent" time="0.247" /><testcase classname="tests.test_iteration5.TestFreeClaim" name="test_customer_orders_includes_free" time="0.228" /><testcase classname="tests.test_iteration5.TestBlogPublic" name="test_list_only_published" time="0.211" /><testcase classname="tests.test_iteration5.TestBlogPublic" name="test_get_published_post" time="0.625" /><testcase classname="tests.test_iteration5.TestBlogPublic" name="test_get_nonexistent_404" time="0.200" /><testcase classname="tests.test_iteration5.TestBlogAdmin" name="test_admin_create_no_auth_401" time="0.190" /><testcase classname="tests.test_iteration5.TestBlogAdmin" name="test_admin_create_with_auto_slug" time="0.193" /><testcase classname="tests.test_iteration5.TestBlogAdmin" name="test_admin_create_duplicate_slug_gets_suffix" time="0.235" /><testcase classname="tests.test_iteration5.TestBlogAdmin" name="test_admin_list_returns_drafts" time="0.219" /><testcase classname="tests.test_iteration5.TestBlogAdmin" name="test_admin_update_publishes_post" time="0.454" /><testcase classname="tests.test_iteration5.TestBlogAdmin" name="test_admin_delete" time="0.470" /></testsuite></testsuites>