<?xml version="1.0" encoding="utf-8"?><testsuites name="pytest tests"><testsuite name="pytest" errors="0" failures="0" skipped="0" tests="9" time="2.057" timestamp="2026-07-17T05:00:47.372915+00:00" hostname="agent-env-89f56af1-a02e-427e-81e9-70d2942a40b4"><testcase classname="tests.test_license_contract.TestPublicKey" name="test_public_key_endpoint" time="0.358" /><testcase classname="tests.test_license_contract.TestFreeClaimLicense" name="test_license_created_on_free_claim" time="1.235" /><testcase classname="tests.test_license_contract.TestActivate" name="test_activate_happy_path" time="0.055" /><testcase classname="tests.test_license_contract.TestActivate" name="test_activate_same_machine_idempotent" time="0.051" /><testcase classname="tests.test_license_contract.TestActivate" name="test_activate_different_machine_rejected" time="0.048" /><testcase classname="tests.test_license_contract.TestActivate" name="test_activate_invalid_key" time="0.048" /><testcase classname="tests.test_license_contract.TestVerify" name="test_verify_valid" time="0.049" /><testcase classname="tests.test_license_contract.TestVerify" name="test_verify_hardware_mismatch" time="0.047" /><testcase classname="tests.test_license_contract.TestVerify" name="test_verify_unknown_key" time="0.099" /></testsuite></testsuites>