<?xml version="1.0" encoding="utf-8"?><testsuites name="pytest tests"><testsuite name="pytest" errors="0" failures="0" skipped="0" tests="7" time="5.404" timestamp="2026-07-17T07:47:15.422480+00:00" hostname="agent-env-89f56af1-a02e-427e-81e9-70d2942a40b4"><testcase classname="tests.test_iteration7_midtrans.TestStripeIDR" name="test_stripe_idr_success_returns_stripe_url" time="1.887" /><testcase classname="tests.test_iteration7_midtrans.TestStripeIDR" name="test_stripe_tiny_amount_graceful_400_indonesian_message" time="0.672" /><testcase classname="tests.test_iteration7_midtrans.TestMidtrans" name="test_midtrans_session_unconfigured_503" time="0.379" /><testcase classname="tests.test_iteration7_midtrans.TestMidtrans" name="test_midtrans_webhook_invalid_signature_401" time="0.110" /><testcase classname="tests.test_iteration7_midtrans.TestMidtrans" name="test_midtrans_webhook_valid_signature_empty_server_key_200" time="1.041" /><testcase classname="tests.test_iteration7_midtrans.TestMidtrans" name="test_midtrans_status_unknown_order_404" time="0.117" /><testcase classname="tests.test_iteration7_midtrans.TestFreeClaim" name="test_free_claim_creates_license" time="1.149" /></testsuite></testsuites>