<?xml version="1.0" encoding="utf-8"?><testsuites name="pytest tests"><testsuite name="pytest" errors="0" failures="0" skipped="0" tests="11" time="2.137" timestamp="2026-07-17T05:57:44.965768+00:00" hostname="agent-env-89f56af1-a02e-427e-81e9-70d2942a40b4"><testcase classname="tests.test_license_form_contract.TestPublicKey" name="test_public_key_endpoint" time="0.288" /><testcase classname="tests.test_license_form_contract.TestFormActivate" name="test_form_activate_happy_path" time="1.176" /><testcase classname="tests.test_license_form_contract.TestFormActivate" name="test_form_activate_idempotent_same_hw" time="0.048" /><testcase classname="tests.test_license_form_contract.TestFormActivate" name="test_form_activate_different_hw_conflict" time="0.048" /><testcase classname="tests.test_license_form_contract.TestFormActivate" name="test_form_activate_invalid_key" time="0.046" /><testcase classname="tests.test_license_form_contract.TestTrailingSlashRoute" name="test_form_activate_trailing_slash_no_redirect_idempotent" time="0.051" /><testcase classname="tests.test_license_form_contract.TestTrailingSlashRoute" name="test_form_activate_trailing_slash_invalid_key_404" time="0.046" /><testcase classname="tests.test_license_form_contract.TestFormVerify" name="test_form_verify_valid" time="0.048" /><testcase classname="tests.test_license_form_contract.TestFormVerify" name="test_form_verify_hardware_mismatch" time="0.047" /><testcase classname="tests.test_license_form_contract.TestRevoke" name="test_admin_revoke_then_verify" time="0.142" /><testcase classname="tests.test_license_form_contract.TestJsonRegression" name="test_json_verify_still_parsed_after_revoke" time="0.098" /></testsuite></testsuites>