<?xml version="1.0" encoding="utf-8"?><testsuites name="pytest tests"><testsuite name="pytest" errors="0" failures="1" skipped="0" tests="37" time="12.110" timestamp="2026-05-12T10:58:39.795917+00:00" hostname="agent-env-89f56af1-a02e-427e-81e9-70d2942a40b4"><testcase classname="backend.tests.backend_test" name="test_list_songs" time="0.295" /><testcase classname="backend.tests.backend_test" name="test_list_gear" time="0.150" /><testcase classname="backend.tests.backend_test" name="test_list_products" time="0.132" /><testcase classname="backend.tests.backend_test" name="test_get_single_product" time="0.295" /><testcase classname="backend.tests.backend_test" name="test_get_product_not_found" time="0.123" /><testcase classname="backend.tests.backend_test" name="test_login_success" time="0.394" /><testcase classname="backend.tests.backend_test" name="test_login_wrong_password" time="0.480" /><testcase classname="backend.tests.backend_test" name="test_auth_me_valid" time="0.114" /><testcase classname="backend.tests.backend_test" name="test_auth_me_no_token" time="0.128" /><testcase classname="backend.tests.backend_test" name="test_admin_song_crud" time="0.552" /><testcase classname="backend.tests.backend_test" name="test_admin_song_create_unauthorized" time="0.124" /><testcase classname="backend.tests.backend_test" name="test_admin_gear_create" time="0.309" /><testcase classname="backend.tests.backend_test" name="test_admin_product_create" time="0.280" /><testcase classname="backend.tests.backend_test" name="test_create_checkout_session" time="1.645" /><testcase classname="backend.tests.backend_test" name="test_checkout_invalid_product" time="0.143" /><testcase classname="backend.tests.backend_test" name="test_admin_transactions" time="0.122" /><testcase classname="backend.tests.backend_test" name="test_admin_transactions_unauthorized" time="0.122" /><testcase classname="backend.tests.backend_test" name="test_customer_register_full" time="0.395" /><testcase classname="backend.tests.backend_test" name="test_customer_register_email_only" time="0.440" /><testcase classname="backend.tests.backend_test" name="test_customer_register_phone_only" time="0.393"><failure message="AssertionError: assert '+628118048' == '+628118faf048'&#10;  &#10;  - +628118faf048&#10;  ?        ---&#10;  + +628118048">backend/tests/backend_test.py:212: in test_customer_register_phone_only
    assert r.json()["customer"]["phone"] == phone
E   AssertionError: assert '+628118048' == '+628118faf048'
E     
E     - +628118faf048
E     ?        ---
E     + +628118048</failure></testcase><testcase classname="backend.tests.backend_test" name="test_customer_register_missing_identifier" time="0.113" /><testcase classname="backend.tests.backend_test" name="test_customer_register_short_password" time="0.120" /><testcase classname="backend.tests.backend_test" name="test_customer_register_duplicate_email" time="0.140" /><testcase classname="backend.tests.backend_test" name="test_customer_login_by_email" time="0.396" /><testcase classname="backend.tests.backend_test" name="test_customer_login_by_phone" time="0.389" /><testcase classname="backend.tests.backend_test" name="test_customer_login_wrong_password" time="0.380" /><testcase classname="backend.tests.backend_test" name="test_customer_me" time="0.151" /><testcase classname="backend.tests.backend_test" name="test_customer_me_with_admin_token_forbidden" time="0.116" /><testcase classname="backend.tests.backend_test" name="test_auth_me_with_customer_token_forbidden" time="0.121" /><testcase classname="backend.tests.backend_test" name="test_admin_endpoint_rejects_customer_jwt" time="0.119" /><testcase classname="backend.tests.backend_test" name="test_customer_update_profile" time="0.265" /><testcase classname="backend.tests.backend_test" name="test_customer_orders_empty" time="0.119" /><testcase classname="backend.tests.backend_test" name="test_admin_list_customers" time="0.118" /><testcase classname="backend.tests.backend_test" name="test_admin_list_customers_unauthorized" time="0.117" /><testcase classname="backend.tests.backend_test" name="test_checkout_session_with_customer_jwt" time="0.838" /><testcase classname="backend.tests.backend_test" name="test_checkout_status_no_500_for_new_session" time="1.297" /><testcase classname="backend.tests.backend_test" name="test_checkout_status_unknown_session_404" time="0.132" /></testsuite></testsuites>